[OTR conftest] CUDA_VISIBLE_DEVICES='' OTR_TEST_MODE=1
============================= test session starts =============================
collected 2179 items

tests\test_audio_byte_identical.py .......s                              [  0%]
tests\test_audiogen_cache_keys.py ..............                         [  1%]
tests\test_audiogen_ledger.py ....                                       [  1%]
tests\test_audiogen_legacy_gate.py ......                                [  1%]
tests\test_audiogen_strict_failure.py .....                              [  1%]
tests\test_audiogen_writeback_hardening.py ..........                    [  2%]
tests\test_bark_cast_contract.py ......                                  [  2%]
tests\test_bark_ledger.py ....                                           [  2%]
tests\test_batch_humo_render.py ........................................ [  4%]
...                                                                      [  4%]
tests\test_batch_ltx_render.py .................................         [  6%]
tests\test_build_silent_test_episode.py ................................ [  7%]
............................                                             [  8%]
tests\test_cache_key_mutations.py ..............................         [ 10%]
tests\test_canon.py .......                                              [ 10%]
tests\test_cast_contract.py ...............                              [ 11%]
tests\test_cast_contract_helpers.py ........................             [ 12%]
tests\test_cast_contract_rejects_structural_tokens.py ..........         [ 12%]
tests\test_cast_fuzzy_consolidate.py .......................             [ 13%]
tests\test_cast_repair.py ......................                         [ 14%]
tests\test_core.py ..................................................... [ 17%]
.......                                                                  [ 17%]
tests\test_episode_assembler_offset_shift.py ............                [ 18%]
tests\test_filename_pattern_audit.py ...                                 [ 18%]
tests\test_fixture_dur_s_audit.py ..                                     [ 18%]
tests\test_freeze_cascade_g6.py ........                                 [ 18%]
tests\test_g7_consumer_constants.py .....                                [ 18%]
tests\test_g8_line_id_uniqueness.py .......                              [ 19%]
tests\test_humo_oom_recovery.py ............                             [ 19%]
tests\test_humo_warmup_pad.py .....................                      [ 20%]
tests\test_inline_narration_heuristic.py ......................          [ 21%]
tests\test_known_failures_hook_phases.py ...                             [ 21%]
tests\test_kokoro_ledger.py ....                                         [ 22%]
tests\test_ledger_rename.py ..........                                   [ 22%]
tests\test_legacy_audit_clean.py .                                       [ 22%]
tests\test_legacy_contract_retired.py .....                              [ 22%]
tests\test_lfc_b14_unload_on_exit.py .....                               [ 23%]
tests\test_lfc_b1_cascade_unload_in_finally.py ....                      [ 23%]
tests\test_lfc_c1_standalone_phase_nodes.py ...............              [ 24%]
tests\test_lfc_c3_phase_telemetry.py ..........                          [ 24%]
tests\test_lfc_c4_news_used_passthrough.py .....                         [ 24%]
tests\test_lfc_commit_12_1_fixes.py ......................               [ 25%]
tests\test_lfc_context_helpers.py .............................          [ 27%]
tests\test_lfc_freeze_cascade_orchestrator.py .................          [ 27%]
tests\test_lfc_g1_g2_interlock.py ..............                         [ 28%]
tests\test_lfc_g3_phase_verdicts.py .........                            [ 28%]
tests\test_lfc_g4_telemetry_derivation.py .....                          [ 29%]
tests\test_lfc_g5_no_pysssss_dependency.py ......                        [ 29%]
tests\test_lfc_llm_helpers.py .......................                    [ 30%]
tests\test_lfc_phase_0_10_gap_audit.py ................................. [ 31%]
..........................                                               [ 33%]
tests\test_lfc_phase_3_polish_in_cascade.py ...............              [ 33%]
tests\test_lfc_phase_4_5_smart_suggestion.py ..............              [ 34%]
tests\test_lfc_phase_4_scene_coherence.py ............                   [ 35%]
tests\test_lfc_phase_5_voice_drift.py ..........                         [ 35%]
tests\test_lfc_phase_6_episode_arc.py ...................                [ 36%]
tests\test_lfc_phase_7_8_readiness.py .....................              [ 37%]
tests\test_lfc_polish_fixes.py .......................................   [ 39%]
tests\test_lfc_w4_writer_polish_fn.py ......                             [ 39%]
tests\test_lfc_watchdog_and_widgets.py ...........................       [ 40%]
tests\test_llm_cache_mismatch_diagnostics.py ............                [ 41%]
tests\test_llm_timeout_queue_halt_smoke.py ....s                         [ 41%]
tests\test_llm_timeout_workflow_pause.py ...s                            [ 41%]
tests\test_meta_paths.py .............                                   [ 42%]
tests\test_musicgen_cache_keys.py .........                              [ 42%]
tests\test_musicgen_news_brief_used.py ....                              [ 42%]
tests\test_musicgen_parity.py ......                                     [ 43%]
tests\test_musicgen_strict_failure.py ....                               [ 43%]
tests\test_musicgen_style_palette.py ..................                  [ 44%]
tests\test_naming_conventions.py ...                                     [ 44%]
tests\test_news_history_ttl.py ..........                                [ 44%]
tests\test_news_interpreter.py ............                              [ 45%]
tests\test_news_interpreter_wiring.py .............                      [ 45%]
tests\test_otr_api_type_validation.py ..............................     [ 47%]
tests\test_otr_casting.py .............................................. [ 49%]
....                                                                     [ 49%]
tests\test_otr_ledger_consumers.py ..................................... [ 51%]
..                                                                       [ 51%]
tests\test_otr_memory.py .......                                         [ 51%]
tests\test_otr_shot_duration_calculator.py .........................     [ 52%]
tests\test_otr_style_picker.py ......................................... [ 54%]
....                                                                     [ 54%]
tests\test_otr_video_concat.py ............................              [ 56%]
tests\test_otr_video_plan.py ........................................... [ 58%]
.........                                                                [ 58%]
tests\test_parse_retry.py ..................                             [ 59%]
tests\test_parser_dialogue_floor.py ....................                 [ 60%]
tests\test_per_cue_sfx_dur.py .............                              [ 60%]
tests\test_per_line_audio_meta.py ..........                             [ 61%]
tests\test_period_prompts.py ..................                          [ 62%]
tests\test_phase0_name_roster.py ...................................     [ 63%]
tests\test_phase1_composer_prompt.py ................................... [ 65%]
.......................................                                  [ 67%]
tests\test_phase2a_episode_budget.py ................................... [ 68%]
..............................                                           [ 70%]
tests\test_phase2b_progressive_ledger.py ...................             [ 70%]
tests\test_phase3_ledger_reviewer.py ................................... [ 72%]
............                                                             [ 73%]
tests\test_portrait_render_skip_announcer.py .....                       [ 73%]
tests\test_post_audio_video_pipeline.py ..............                   [ 73%]
tests\test_post_freeze_writeback_audit.py .....................          [ 74%]
tests\test_post_upscale_procgen_blend.py .................               [ 75%]
tests\test_procsfx_isolation.py .                                        [ 75%]
tests\test_procsfx_ledger.py ....                                        [ 75%]
tests\test_procsfx_writeback_convention.py ..........                    [ 76%]
tests\test_production_ledger.py .................F...................... [ 78%]
                                                                         [ 78%]
tests\test_radio_prompt_builder.py ..................................... [ 79%]
..............                                                           [ 80%]
tests\test_radio_still_resolver.py ..................................... [ 82%]
......                                                                   [ 82%]
tests\test_render_episode_concat_discovery.py .......                    [ 82%]
tests\test_render_flux_batch.py ...........................              [ 84%]
tests\test_render_humo_batch_plan.py ......                              [ 84%]
tests\test_save_to_episode_workspace.py ..FFFF..                         [ 84%]
tests\test_sequencer_ledger.py ....                                      [ 84%]
tests\test_speaker_role.py ............................................. [ 87%]
......                                                                   [ 87%]
tests\test_story_orchestrator_vram_calibration.py ...                    [ 87%]
tests\test_style_palette_drift.py .....                                  [ 87%]
tests\test_treatment_scanner_unicode.py .......                          [ 87%]
tests\test_two_llm_split.py ...............                              [ 88%]
tests\test_unload_synchronize_guard.py ..........                        [ 89%]
tests\test_video_composite.py .............F...                          [ 89%]
tests\test_video_composite_layered.py ..............                     [ 90%]
tests\test_video_composite_per_clip_mux.py ............................. [ 91%]
                                                                         [ 91%]
tests\test_video_ledger.py ....                                          [ 92%]
tests\test_voice_assignments_derivation.py ........                      [ 92%]
tests\test_voice_backends.py ..............                              [ 93%]
tests\test_voice_resolver.py ............                                [ 93%]
tests\test_wedge_probe.py ........                                       [ 93%]
tests\test_workflow_audio_widget_vectors.py .......                      [ 94%]
tests\test_workflow_contract_validation.py ..............                [ 94%]
tests\test_workflow_director_freedom.py .                                [ 94%]
tests\test_workflow_flux_portrait_wiring.py ..                           [ 95%]
tests\test_workflow_json_guardrails.py .................sssss........... [ 96%]
...................                                                      [ 97%]
tests\test_workflow_live_passes_validator.py .                           [ 97%]
tests\test_workflow_validator_extended.py ............                   [ 98%]
tests\test_workflow_zod_shape.py ...................................     [ 99%]
tests\test_writer_cast_lock_voice_preset.py .......                      [100%]

================================== FAILURES ===================================
________ TestDualLedgerFix.test_save_merges_schema_l3_fields_from_disk ________

self = <tests.test_production_ledger.TestDualLedgerFix object at 0x0000015462943560>
tmp_out = WindowsPath('C:/Users/jeffr/AppData/Local/Temp/pytest-of-jeffr/pytest-516/test_save_merges_schema_l3_fie0')

    def test_save_merges_schema_l3_fields_from_disk(self, tmp_out):
        """Audio nodes write schema-l3 fields directly via
        _otr_ledger.save_ledger_safe. The Ledger class must
        NOT clobber those fields when its own .save() fires."""
        import json as _json
        led = Ledger("merge_test", str(tmp_out))
        led.set_lines([
            {"line_id": "l001", "text": "hello",
             "char_id": "c01", "char_count": 5, "word_count": 1},
        ])
        led.save()
        path = Path(led.path)
        # Simulate an audio-node write: read the on-disk file, add
        # schema-l3 fields, write back.
        on_disk = _json.loads(path.read_text(encoding="utf-8"))
        on_disk["audio_gates"] = [
            {"gate": "post_bark", "sha256_first_kb": "abc123",
             "dur_s": 10.0, "sample_count": 240000, "sample_rate": 24000},
        ]
        on_disk["meta"] = {"phase_ms": {"bark": 145000}, "git_commit": "deadbee"}
        on_disk["transitions"] = [
            {"from_line_id": "opening_theme", "to_line_id": "scene_audio",
             "crossfade_ms": 500, "boundary_s": 9.5},
        ]
        on_disk["radio_bookend_path"] = "/tmp/radio.png"
        on_disk["lines"][0]["text_for_tts"] = "hello"
        on_disk["lines"][0]["bark_wav_dur_s"] = 0.42
        on_disk["lines"][0]["start_s"] = 9.5
        on_disk["lines"][0]["start_s_space"] = "master_mix"
        path.write_text(_json.dumps(on_disk, indent=2), encoding="utf-8")
        # Now the Ledger class re-saves (e.g. SignalLostVideo's
        # post-rename save). Its in-memory state has only the
        # original lines[] without schema-l3. The merge must
        # preserve all the schema-l3 fields above.
        led.save()
        merged = _json.loads(path.read_text(encoding="utf-8"))
        assert "audio_gates" in merged and len(merged["audio_gates"]) == 1
        assert merged["audio_gates"][0]["gate"] == "post_bark"
>       assert merged["meta"]["phase_ms"]["bark"] == 145000
               ^^^^^^^^^^^^^^^^^^^^^^^^^^
E       KeyError: 'phase_ms'

tests\test_production_ledger.py:256: KeyError
_____________ test_save_to_per_episode_dir_when_singleton_active ______________

save_node = <nodes.otr_save_to_episode_workspace.SaveToEpisodeWorkspace object at 0x000001569F126D50>
tmp_path = WindowsPath('C:/Users/jeffr/AppData/Local/Temp/pytest-of-jeffr/pytest-516/test_save_to_per_episode_dir_w0')

    def test_save_to_per_episode_dir_when_singleton_active(save_node, tmp_path):
        """With an active singleton, image lands at
        ``<comfy_out>/otr/episodes/<ep>/stills/<pattern>_NNNNN_.png``."""
        ep_id = "signal_lost_test_episode_20260503_010101"
        fake_comfy_out = tmp_path / "ComfyUI_output"
    
        # Build a fake ledger on disk + a singleton path that points at it.
        ep_dir = fake_comfy_out / "otr" / "episodes" / ep_id
        audio_dir = ep_dir / "audio"
        audio_dir.mkdir(parents=True, exist_ok=True)
        ledger_path = audio_dir / f"{ep_id}_ledger.json"
        ledger_path.write_text(
            '{"episode_id": "' + ep_id + '", "schema_version": "l3-test"}',
            encoding="utf-8",
        )
    
        with mock.patch(
            "nodes._otr_paths.comfy_output_dir",
            return_value=fake_comfy_out,
        ), mock.patch(
            "nodes._otr_ledger.in_flight_ledger_path",
            return_value=ledger_path,
        ):
            result = save_node.save(
                images=[_fake_image_tensor()],
                role_kind="stills",
                filename_pattern="full_env",
            )
    
        expected_dir = ep_dir / "stills"
        saved = list(expected_dir.glob("full_env_*.png"))
>       assert len(saved) == 1, (
            f"expected 1 PNG under per-episode stills/, got {saved}"
        )
E       AssertionError: expected 1 PNG under per-episode stills/, got []
E       assert 0 == 1
E        +  where 0 = len([])

tests\test_save_to_episode_workspace.py:97: AssertionError
------------------------------ Captured log call ------------------------------
WARNING  nodes.otr_save_to_episode_workspace:otr_save_to_episode_workspace.py:322 [SaveToEpisodeWorkspace] save failed for image 1: BAD_IMAGE_SAVE: full_env_00001_.png wrote 268 bytes (under 4096-byte gate); input tensor shape=(8, 8, 3) dtype=float32 min=nan max=nan. Likely upstream produced empty IMAGE -- check the previous node's output tensor before re-queueing.
_________________ test_portraits_role_routes_to_portraits_dir _________________

save_node = <nodes.otr_save_to_episode_workspace.SaveToEpisodeWorkspace object at 0x000001569F124200>
tmp_path = WindowsPath('C:/Users/jeffr/AppData/Local/Temp/pytest-of-jeffr/pytest-516/test_portraits_role_routes_to_0')

    def test_portraits_role_routes_to_portraits_dir(save_node, tmp_path):
        """role_kind="portraits" -> per-episode portraits/ subdir."""
        ep_id = "signal_lost_portraits_test_20260503_010102"
        fake_comfy_out = tmp_path / "ComfyUI_output"
    
        ep_dir = fake_comfy_out / "otr" / "episodes" / ep_id
        audio_dir = ep_dir / "audio"
        audio_dir.mkdir(parents=True, exist_ok=True)
        ledger_path = audio_dir / f"{ep_id}_ledger.json"
        ledger_path.write_text(
            '{"episode_id": "' + ep_id + '", "schema_version": "l3-test"}',
            encoding="utf-8",
        )
    
        with mock.patch(
            "nodes._otr_paths.comfy_output_dir",
            return_value=fake_comfy_out,
        ), mock.patch(
            "nodes._otr_ledger.in_flight_ledger_path",
            return_value=ledger_path,
        ):
            save_node.save(
                images=[_fake_image_tensor()],
                role_kind="portraits",
                filename_pattern="char_portrait",
            )
    
        expected_dir = ep_dir / "portraits"
        saved = list(expected_dir.glob("char_portrait_*.png"))
>       assert len(saved) == 1
E       assert 0 == 1
E        +  where 0 = len([])

tests\test_save_to_episode_workspace.py:137: AssertionError
------------------------------ Captured log call ------------------------------
WARNING  nodes.otr_save_to_episode_workspace:otr_save_to_episode_workspace.py:322 [SaveToEpisodeWorkspace] save failed for image 1: BAD_IMAGE_SAVE: char_portrait_00001_.png wrote 268 bytes (under 4096-byte gate); input tensor shape=(8, 8, 3) dtype=float32 min=nan max=nan. Likely upstream produced empty IMAGE -- check the previous node's output tensor before re-queueing.
_______________ test_falls_back_to_legacy_dir_when_no_singleton _______________

save_node = <nodes.otr_save_to_episode_workspace.SaveToEpisodeWorkspace object at 0x000001569F12B770>
tmp_path = WindowsPath('C:/Users/jeffr/AppData/Local/Temp/pytest-of-jeffr/pytest-516/test_falls_back_to_legacy_dir_0')

    def test_falls_back_to_legacy_dir_when_no_singleton(save_node, tmp_path):
        """No singleton -> legacy flat dir, no exception, image still saved."""
        fake_comfy_out = tmp_path / "ComfyUI_output"
    
        with mock.patch(
            "nodes._otr_paths.comfy_output_dir",
            return_value=fake_comfy_out,
        ), mock.patch(
            "nodes._otr_ledger.in_flight_ledger_path",
            return_value=None,
        ):
            result = save_node.save(
                images=[_fake_image_tensor()],
                role_kind="stills",
                filename_pattern="full_env",
            )
    
        legacy_dir = fake_comfy_out / "otr" / "_legacy_stills"
        saved = list(legacy_dir.glob("full_env_*.png"))
>       assert len(saved) == 1, (
            f"fallback path -- expected 1 PNG in _legacy_stills/, got {saved}"
        )
E       AssertionError: fallback path -- expected 1 PNG in _legacy_stills/, got []
E       assert 0 == 1
E        +  where 0 = len([])

tests\test_save_to_episode_workspace.py:162: AssertionError
------------------------------ Captured log call ------------------------------
WARNING  nodes.otr_save_to_episode_workspace:otr_save_to_episode_workspace.py:176 [SaveToEpisodeWorkspace] no in-flight ledger singleton -- falling back to legacy dir: C:\Users\jeffr\AppData\Local\Temp\pytest-of-jeffr\pytest-516\test_falls_back_to_legacy_dir_0\ComfyUI_output\otr\_legacy_stills (role_kind=stills, pattern=full_env)
WARNING  nodes.otr_save_to_episode_workspace:otr_save_to_episode_workspace.py:322 [SaveToEpisodeWorkspace] save failed for image 1: BAD_IMAGE_SAVE: full_env_00001_.png wrote 268 bytes (under 4096-byte gate); input tensor shape=(8, 8, 3) dtype=float32 min=nan max=nan. Likely upstream produced empty IMAGE -- check the previous node's output tensor before re-queueing.
____________________ test_per_episode_counter_starts_at_1 _____________________

save_node = <nodes.otr_save_to_episode_workspace.SaveToEpisodeWorkspace object at 0x000001569F12B920>
tmp_path = WindowsPath('C:/Users/jeffr/AppData/Local/Temp/pytest-of-jeffr/pytest-516/test_per_episode_counter_start0')

    def test_per_episode_counter_starts_at_1(save_node, tmp_path):
        """Per-episode counter is independent of any global flat-dir counter.
    
        Stock SaveImage shared a global counter -- that's why
        ``output/otr/stills/full_env_00213.png`` accumulated across episodes.
        The new node's counter starts at 1 in each fresh per-episode stills/
        dir.
        """
        ep_id = "signal_lost_counter_test_20260503_010103"
        fake_comfy_out = tmp_path / "ComfyUI_output"
        ep_dir = fake_comfy_out / "otr" / "episodes" / ep_id
        audio_dir = ep_dir / "audio"
        audio_dir.mkdir(parents=True, exist_ok=True)
        ledger_path = audio_dir / f"{ep_id}_ledger.json"
        ledger_path.write_text(
            '{"episode_id": "' + ep_id + '"}',
            encoding="utf-8",
        )
    
        with mock.patch(
            "nodes._otr_paths.comfy_output_dir",
            return_value=fake_comfy_out,
        ), mock.patch(
            "nodes._otr_ledger.in_flight_ledger_path",
            return_value=ledger_path,
        ):
            # First save -> counter 1
            save_node.save(
                images=[_fake_image_tensor()],
                role_kind="stills",
                filename_pattern="full_env",
            )
            # Second save -> counter 2
            save_node.save(
                images=[_fake_image_tensor()],
                role_kind="stills",
                filename_pattern="full_env",
            )
    
        expected_dir = ep_dir / "stills"
        saved = sorted(p.name for p in expected_dir.glob("full_env_*.png"))
>       assert saved == ["full_env_00001_.png", "full_env_00002_.png"], (
            f"counter must start at 1 + increment -- got {saved}"
        )
E       AssertionError: counter must start at 1 + increment -- got []
E       assert [] == ['full_env_00...v_00002_.png']
E         
E         Right contains 2 more items, first extra item: 'full_env_00001_.png'
E         Use -v to get more diff

tests\test_save_to_episode_workspace.py:209: AssertionError
------------------------------ Captured log call ------------------------------
WARNING  nodes.otr_save_to_episode_workspace:otr_save_to_episode_workspace.py:322 [SaveToEpisodeWorkspace] save failed for image 1: BAD_IMAGE_SAVE: full_env_00001_.png wrote 268 bytes (under 4096-byte gate); input tensor shape=(8, 8, 3) dtype=float32 min=nan max=nan. Likely upstream produced empty IMAGE -- check the previous node's output tensor before re-queueing.
WARNING  nodes.otr_save_to_episode_workspace:otr_save_to_episode_workspace.py:322 [SaveToEpisodeWorkspace] save failed for image 1: BAD_IMAGE_SAVE: full_env_00001_.png wrote 268 bytes (under 4096-byte gate); input tensor shape=(8, 8, 3) dtype=float32 min=nan max=nan. Likely upstream produced empty IMAGE -- check the previous node's output tensor before re-queueing.
_______________ test_default_canvas_is_native_832x480_at_25fps ________________

m = <module 'video_composite_under_test' from 'C:\\Users\\jeffr\\Documents\\ComfyUI\\custom_nodes\\ComfyUI-OldTimeRadio\\nodes\\video_composite.py'>

    def test_default_canvas_is_native_832x480_at_25fps(m) -> None:
        """Pin the canonical canvas geometry. 2026-05-01 EVENING (Jeffrey):
        downscaled from 1920x1080 to native 832x480 to match HuMo + LTX
        render dims directly. Upscale (RTX VSR) added as a separate later
        stage rather than baked into the base canvas. Pre-2026-05-01 this
        test was named test_default_canvas_is_1920x1080_at_25fps."""
        inp = m.VideoComposite.INPUT_TYPES()
>       assert inp["optional"]["canvas_width"][1]["default"] == 832
E       assert 1472 == 832

tests\test_video_composite.py:284: AssertionError
=========================== short test summary info ===========================
FAILED tests/test_production_ledger.py::TestDualLedgerFix::test_save_merges_schema_l3_fields_from_disk
FAILED tests/test_save_to_episode_workspace.py::test_save_to_per_episode_dir_when_singleton_active
FAILED tests/test_save_to_episode_workspace.py::test_portraits_role_routes_to_portraits_dir
FAILED tests/test_save_to_episode_workspace.py::test_falls_back_to_legacy_dir_when_no_singleton
FAILED tests/test_save_to_episode_workspace.py::test_per_episode_counter_starts_at_1
FAILED tests/test_video_composite.py::test_default_canvas_is_native_832x480_at_25fps
================= 6 failed, 2165 passed, 8 skipped in 12.46s ==================
